[GIN-debug] [WARNING] Running in "debug" mode. Switch to "release" mode in production.
 - using env:	export GIN_MODE=release
 - using code:	gin.SetMode(gin.ReleaseMode)

[GIN-debug] POST   /api/v1/auth/login        --> warehouse/internal/handler.(*AuthHandler).Login-fm (4 handlers)
[GIN-debug] GET    /api/v1/auth/profile      --> warehouse/internal/handler.(*AuthHandler).GetProfile-fm (5 handlers)
[GIN-debug] PUT    /api/v1/auth/password     --> warehouse/internal/handler.(*AuthHandler).ChangePassword-fm (5 handlers)
[GIN-debug] PUT    /api/v1/auth/theme        --> warehouse/internal/handler.(*AuthHandler).UpdateTheme-fm (5 handlers)
[GIN-debug] GET    /api/v1/users             --> warehouse/internal/handler.(*UserHandler).List-fm (5 handlers)
[GIN-debug] POST   /api/v1/users             --> warehouse/internal/handler.(*UserHandler).Create-fm (5 handlers)
[GIN-debug] GET    /api/v1/users/:id         --> warehouse/internal/handler.(*UserHandler).GetByID-fm (5 handlers)
[GIN-debug] PUT    /api/v1/users/:id         --> warehouse/internal/handler.(*UserHandler).Update-fm (5 handlers)
[GIN-debug] DELETE /api/v1/users/:id         --> warehouse/internal/handler.(*UserHandler).Delete-fm (5 handlers)
[GIN-debug] GET    /api/v1/users/:id/roles   --> warehouse/internal/handler.(*UserHandler).GetRoles-fm (5 handlers)
[GIN-debug] POST   /api/v1/users/:id/roles   --> warehouse/internal/handler.(*UserHandler).AssignRoles-fm (5 handlers)
[GIN-debug] GET    /api/v1/roles             --> warehouse/internal/handler.(*RoleHandler).List-fm (5 handlers)
[GIN-debug] POST   /api/v1/roles             --> warehouse/internal/handler.(*RoleHandler).Create-fm (5 handlers)
[GIN-debug] GET    /api/v1/roles/:id         --> warehouse/internal/handler.(*RoleHandler).GetByID-fm (5 handlers)
[GIN-debug] PUT    /api/v1/roles/:id         --> warehouse/internal/handler.(*RoleHandler).Update-fm (5 handlers)
[GIN-debug] DELETE /api/v1/roles/:id         --> warehouse/internal/handler.(*RoleHandler).Delete-fm (5 handlers)
[GIN-debug] GET    /api/v1/roles/:id/permissions --> warehouse/internal/handler.(*RoleHandler).GetPermissions-fm (5 handlers)
[GIN-debug] POST   /api/v1/roles/:id/permissions --> warehouse/internal/handler.(*RoleHandler).AssignPermissions-fm (5 handlers)
[GIN-debug] GET    /api/v1/permissions       --> warehouse/internal/handler.(*PermissionHandler).List-fm (5 handlers)
[GIN-debug] GET    /api/v1/permissions/:id   --> warehouse/internal/handler.(*PermissionHandler).GetByID-fm (5 handlers)
[GIN-debug] GET    /api/v1/warehouses        --> warehouse/internal/handler.(*WarehouseHandler).List-fm (5 handlers)
[GIN-debug] POST   /api/v1/warehouses        --> warehouse/internal/handler.(*WarehouseHandler).Create-fm (5 handlers)
[GIN-debug] GET    /api/v1/warehouses/:id    --> warehouse/internal/handler.(*WarehouseHandler).GetByID-fm (5 handlers)
[GIN-debug] PUT    /api/v1/warehouses/:id    --> warehouse/internal/handler.(*WarehouseHandler).Update-fm (5 handlers)
[GIN-debug] DELETE /api/v1/warehouses/:id    --> warehouse/internal/handler.(*WarehouseHandler).Delete-fm (5 handlers)
[GIN-debug] GET    /api/v1/locations         --> warehouse/internal/handler.(*LocationHandler).List-fm (5 handlers)
[GIN-debug] POST   /api/v1/locations         --> warehouse/internal/handler.(*LocationHandler).Create-fm (5 handlers)
[GIN-debug] GET    /api/v1/locations/:id     --> warehouse/internal/handler.(*LocationHandler).GetByID-fm (5 handlers)
[GIN-debug] PUT    /api/v1/locations/:id     --> warehouse/internal/handler.(*LocationHandler).Update-fm (5 handlers)
[GIN-debug] DELETE /api/v1/locations/:id     --> warehouse/internal/handler.(*LocationHandler).Delete-fm (5 handlers)
[GIN-debug] GET    /api/v1/categories        --> warehouse/internal/handler.(*CategoryHandler).List-fm (5 handlers)
[GIN-debug] POST   /api/v1/categories        --> warehouse/internal/handler.(*CategoryHandler).Create-fm (5 handlers)
[GIN-debug] GET    /api/v1/categories/:id    --> warehouse/internal/handler.(*CategoryHandler).GetByID-fm (5 handlers)
[GIN-debug] PUT    /api/v1/categories/:id    --> warehouse/internal/handler.(*CategoryHandler).Update-fm (5 handlers)
[GIN-debug] DELETE /api/v1/categories/:id    --> warehouse/internal/handler.(*CategoryHandler).Delete-fm (5 handlers)
[GIN-debug] GET    /api/v1/products          --> warehouse/internal/handler.(*ProductHandler).List-fm (5 handlers)
[GIN-debug] POST   /api/v1/products          --> warehouse/internal/handler.(*ProductHandler).Create-fm (5 handlers)
[GIN-debug] GET    /api/v1/products/:id      --> warehouse/internal/handler.(*ProductHandler).GetByID-fm (5 handlers)
[GIN-debug] PUT    /api/v1/products/:id      --> warehouse/internal/handler.(*ProductHandler).Update-fm (5 handlers)
[GIN-debug] DELETE /api/v1/products/:id      --> warehouse/internal/handler.(*ProductHandler).Delete-fm (5 handlers)
[GIN-debug] GET    /api/v1/inventory         --> warehouse/internal/handler.(*InventoryHandler).List-fm (5 handlers)
[GIN-debug] POST   /api/v1/inventory         --> warehouse/internal/handler.(*InventoryHandler).Create-fm (5 handlers)
[GIN-debug] GET    /api/v1/inventory/:id     --> warehouse/internal/handler.(*InventoryHandler).GetByID-fm (5 handlers)
[GIN-debug] PUT    /api/v1/inventory/:id     --> warehouse/internal/handler.(*InventoryHandler).Update-fm (5 handlers)
[GIN-debug] DELETE /api/v1/inventory/:id     --> warehouse/internal/handler.(*InventoryHandler).Delete-fm (5 handlers)
[GIN-debug] POST   /api/v1/inventory/adjust  --> warehouse/internal/handler.(*InventoryHandler).AdjustQuantity-fm (5 handlers)
[GIN-debug] POST   /api/v1/inventory/check   --> warehouse/internal/handler.(*InventoryHandler).CheckStock-fm (5 handlers)
[GIN-debug] GET    /api/v1/suppliers         --> warehouse/internal/handler.(*SupplierHandler).List-fm (5 handlers)
[GIN-debug] POST   /api/v1/suppliers         --> warehouse/internal/handler.(*SupplierHandler).Create-fm (5 handlers)
[GIN-debug] GET    /api/v1/suppliers/:id     --> warehouse/internal/handler.(*SupplierHandler).GetByID-fm (5 handlers)
[GIN-debug] PUT    /api/v1/suppliers/:id     --> warehouse/internal/handler.(*SupplierHandler).Update-fm (5 handlers)
[GIN-debug] DELETE /api/v1/suppliers/:id     --> warehouse/internal/handler.(*SupplierHandler).Delete-fm (5 handlers)
[GIN-debug] GET    /api/v1/customers         --> warehouse/internal/handler.(*CustomerHandler).List-fm (5 handlers)
[GIN-debug] POST   /api/v1/customers         --> warehouse/internal/handler.(*CustomerHandler).Create-fm (5 handlers)
[GIN-debug] GET    /api/v1/customers/:id     --> warehouse/internal/handler.(*CustomerHandler).GetByID-fm (5 handlers)
[GIN-debug] PUT    /api/v1/customers/:id     --> warehouse/internal/handler.(*CustomerHandler).Update-fm (5 handlers)
[GIN-debug] DELETE /api/v1/customers/:id     --> warehouse/internal/handler.(*CustomerHandler).Delete-fm (5 handlers)
[GIN-debug] GET    /api/v1/inbound-orders    --> warehouse/internal/handler.(*InboundOrderHandler).List-fm (5 handlers)
[GIN-debug] POST   /api/v1/inbound-orders    --> warehouse/internal/handler.(*InboundOrderHandler).Create-fm (5 handlers)
[GIN-debug] GET    /api/v1/inbound-orders/:id --> warehouse/internal/handler.(*InboundOrderHandler).GetByID-fm (5 handlers)
[GIN-debug] PUT    /api/v1/inbound-orders/:id --> warehouse/internal/handler.(*InboundOrderHandler).Update-fm (5 handlers)
[GIN-debug] DELETE /api/v1/inbound-orders/:id --> warehouse/internal/handler.(*InboundOrderHandler).Delete-fm (5 handlers)
[GIN-debug] POST   /api/v1/inbound-orders/:id/confirm --> warehouse/internal/handler.(*InboundOrderHandler).Confirm-fm (5 handlers)
[GIN-debug] GET    /api/v1/outbound-orders   --> warehouse/internal/handler.(*OutboundOrderHandler).List-fm (5 handlers)
[GIN-debug] POST   /api/v1/outbound-orders   --> warehouse/internal/handler.(*OutboundOrderHandler).Create-fm (5 handlers)
[GIN-debug] GET    /api/v1/outbound-orders/:id --> warehouse/internal/handler.(*OutboundOrderHandler).GetByID-fm (5 handlers)
[GIN-debug] PUT    /api/v1/outbound-orders/:id --> warehouse/internal/handler.(*OutboundOrderHandler).Update-fm (5 handlers)
[GIN-debug] DELETE /api/v1/outbound-orders/:id --> warehouse/internal/handler.(*OutboundOrderHandler).Delete-fm (5 handlers)
[GIN-debug] POST   /api/v1/outbound-orders/:id/confirm --> warehouse/internal/handler.(*OutboundOrderHandler).Confirm-fm (5 handlers)
[GIN-debug] GET    /api/v1/stock-transfers   --> warehouse/internal/handler.(*StockTransferHandler).List-fm (5 handlers)
[GIN-debug] POST   /api/v1/stock-transfers   --> warehouse/internal/handler.(*StockTransferHandler).Create-fm (5 handlers)
[GIN-debug] GET    /api/v1/stock-transfers/:id --> warehouse/internal/handler.(*StockTransferHandler).GetByID-fm (5 handlers)
[GIN-debug] PUT    /api/v1/stock-transfers/:id --> warehouse/internal/handler.(*StockTransferHandler).Update-fm (5 handlers)
[GIN-debug] DELETE /api/v1/stock-transfers/:id --> warehouse/internal/handler.(*StockTransferHandler).Delete-fm (5 handlers)
[GIN-debug] POST   /api/v1/stock-transfers/:id/confirm --> warehouse/internal/handler.(*StockTransferHandler).Confirm-fm (5 handlers)
[GIN-debug] GET    /api/v1/audit-logs        --> warehouse/internal/handler.(*AuditLogHandler).List-fm (5 handlers)
[GIN-debug] GET    /api/v1/audit-logs/table-names --> warehouse/internal/handler.(*AuditLogHandler).GetTableNames-fm (5 handlers)
[GIN-debug] GET    /api/v1/audit-logs/:id    --> warehouse/internal/handler.(*AuditLogHandler).GetByID-fm (5 handlers)
[GIN-debug] GET    /assets/*filepath         --> github.com/gin-gonic/gin.(*RouterGroup).createStaticHandler.func1 (4 handlers)
[GIN-debug] HEAD   /assets/*filepath         --> github.com/gin-gonic/gin.(*RouterGroup).createStaticHandler.func1 (4 handlers)
2026/05/06 23:12:37 Server starting on :8080
[GIN-debug] [WARNING] You trusted all proxies, this is NOT safe. We recommend you to set a value.
Please check https://github.com/gin-gonic/gin/blob/master/docs/doc.md#dont-trust-all-proxies for details.
[GIN-debug] Listening and serving HTTP on :8080
